[INFO  - 2020-03-06T04:27:45.695Z] GhostDriver - Main - running on port 51148
[INFO  - 2020-03-06T04:27:49.730Z] Session [d66e7ba0-5f62-11ea-8407-57b6cc563452] - page.settings - {"XSSAuditingEnabled":false,"javascriptCanCloseWindows":true,"javascriptCanOpenWindows":true,"javascriptEnabled":true,"loadImages":true,"localToRemoteUrlAccessEnabled":false,"userAgent":"Mozilla/5.0 (Windows NT 6.2; WOW64) AppleWebKit/538.1 (KHTML, like Gecko) PhantomJS/2.1.1 Safari/538.1","webSecurityEnabled":true}
[INFO  - 2020-03-06T04:27:49.730Z] Session [d66e7ba0-5f62-11ea-8407-57b6cc563452] - page.customHeaders:  - {}
[INFO  - 2020-03-06T04:27:49.730Z] Session [d66e7ba0-5f62-11ea-8407-57b6cc563452] - Session.negotiatedCapabilities - {"browserName":"phantomjs","version":"2.1.1","driverName":"ghostdriver","driverVersion":"1.2.0","platform":"windows-10-32bit","javascriptEnabled":true,"takesScreenshot":true,"handlesAlerts":false,"databaseEnabled":false,"locationContextEnabled":false,"applicationCacheEnabled":false,"browserConnectionEnabled":false,"cssSelectorsEnabled":true,"webStorageEnabled":false,"rotatable":false,"acceptSslCerts":false,"nativeEvents":true,"proxy":{"proxyType":"direct"}}
[INFO  - 2020-03-06T04:27:49.730Z] SessionManagerReqHand - _postNewSessionCommand - New Session Created: d66e7ba0-5f62-11ea-8407-57b6cc563452
[ERROR - 2020-03-06T04:27:53.501Z] Session [d66e7ba0-5f62-11ea-8407-57b6cc563452] - page.onError - msg: TypeError: undefined is not a constructor (evaluating 'Object.assign(o,s.csdn.sideToolbar)')

  phantomjs://platform/console++.js:263 in error
[ERROR - 2020-03-06T04:27:53.502Z] Session [d66e7ba0-5f62-11ea-8407-57b6cc563452] - page.onError - stack:
  (anonymous function) (https://g.csdnimg.cn/side-toolbar/2.0/side-toolbar.js:1)

  phantomjs://platform/console++.js:263 in error
[ERROR - 2020-03-06T04:27:53.950Z] Session [d66e7ba0-5f62-11ea-8407-57b6cc563452] - page.onError - msg: TypeError: undefined is not a constructor (evaluating 'Number.parseInt(feedlist.views)')

  phantomjs://platform/console++.js:263 in error
[ERROR - 2020-03-06T04:27:53.950Z] Session [d66e7ba0-5f62-11ea-8407-57b6cc563452] - page.onError - stack:
  (anonymous function) (https://www.csdn.net/js/csdn_feed.min.js?1582818847:334)
  each (https://csdnimg.cn/public/common/libs/jquery/jquery-1.9.1.min.js:3)
  getList (https://www.csdn.net/js/csdn_feed.min.js?1582818847:251)
  success (https://www.csdn.net/js/csdn_feed.min.js?1582818847:1190)
  c (https://csdnimg.cn/public/common/libs/jquery/jquery-1.9.1.min.js:3)
  fireWith (https://csdnimg.cn/public/common/libs/jquery/jquery-1.9.1.min.js:3)
  k (https://csdnimg.cn/public/common/libs/jquery/jquery-1.9.1.min.js:5)
  r (https://csdnimg.cn/public/common/libs/jquery/jquery-1.9.1.min.js:5)
  n (https://g.csdnimg.cn/tingyun/1.8.3/www.js:1)
  r (https://g.csdnimg.cn/tingyun/1.8.3/www.js:1)

  phantomjs://platform/console++.js:263 in error
